<?xml version="1.0" encoding="UTF-8"?>
<!-- Generated by org.testng.reporters.JUnitReportReporter -->
<testsuite hostname="DESKTOP-G0HI28L" failures="0" tests="1" name="manapi.atest" time="5.572" errors="0" timestamp="2022-07-15T06:38:24 CDT" skipped="0">
  <testcase classname="manapi.atest" name="abc" time="5.572"/>
  <system-out/>
</testsuite> <!-- manapi.atest -->
